<?xml version="1.0" encoding="UTF-8"?>
<testng-results skipped="0" failed="0" total="0" passed="0">
  <reporter-output>
  </reporter-output>
  <suite name="Surefire suite" duration-ms="2088" started-at="2021-03-18T21:52:26Z" finished-at="2021-03-18T21:52:28Z">
    <groups>
    </groups>
    <test name="Surefire test" duration-ms="2088" started-at="2021-03-18T21:52:26Z" finished-at="2021-03-18T21:52:28Z">
      <class name="stepdefs.Tests">
        <test-method status="PASS" signature="setUp()[pri:0, instance:stepdefs.Tests@3c756e4d]" name="setUp" is-config="true" duration-ms="2085" started-at="2021-03-18T23:52:26Z" finished-at="2021-03-18T23:52:28Z">
          <reporter-output>
          </reporter-output>
        </test-method> <!-- setUp -->
      </class> <!-- stepdefs.Tests -->
    </test> <!-- Surefire test -->
  </suite> <!-- Surefire suite -->
</testng-results>
