<?xml version="1.0" encoding="UTF-8"?>
<testsuite xmlns:xsi="http://www.w3.org/2001/XMLSchema-instance" xsi:noNamespaceSchemaLocation="https://maven.apache.org/surefire/maven-surefire-plugin/xsd/surefire-test-report.xsd" name="TestSuite" time="45.093" tests="2" errors="0" skipped="0" failures="1">
  <properties>
[...]
</properties>
  <testcase name="runScenario" classname="stepdefs.RunCucumberTest" time="29.579"/>
  <testcase name="runScenario" classname="stepdefs.RunCucumberTest" time="43.1">
    <failure message="[The title &apos;testautomationday.com&apos; doesn&apos;t contain required word on 5 pages] &#10;Expecting value to be true but was false" type="java.lang.AssertionError">java.lang.AssertionError: 
[The title 'testautomationday.com' doesn't contain required word on 5 pages] 
Expecting value to be true but was false
</failure>
    <system-err><![CDATA[Mar 19, 2021 5:54:11 PM stepdefs.CucumberTest verifyingDomainOnPages
INFO: Verifying Title testautomationday.com
]]></system-err>
  </testcase>
</testsuite>