-------------------------------------------------------------------------------
Test set: TestSuite
-------------------------------------------------------------------------------
Tests run: 2, Failures: 1, Errors: 0, Skipped: 0, Time elapsed: 45.093 s <<< FAILURE! - in TestSuite
runScenario(stepdefs.RunCucumberTest)  Time elapsed: 43.1 s  <<< FAILURE!
java.lang.AssertionError: 
[The title 'testautomationday.com' doesn't contain required word on 5 pages] 
Expecting value to be true but was false

